d:\assignments\ideaengine\wipgraphics\cs300-framework-framework\debug\vc140.pdb
d:\assignments\ideaengine\wipgraphics\cs300-framework-framework\debug\vc140.idb
d:\assignments\ideaengine\wipgraphics\cs300-framework-framework\debug\ambientlight.obj
d:\assignments\ideaengine\wipgraphics\cs300-framework-framework\debug\boxcollider.obj
d:\assignments\ideaengine\wipgraphics\cs300-framework-framework\debug\fbo.obj
d:\assignments\ideaengine\wipgraphics\cs300-framework-framework\debug\framework.obj
d:\assignments\ideaengine\wipgraphics\cs300-framework-framework\debug\light.obj
d:\assignments\ideaengine\wipgraphics\cs300-framework-framework\debug\manager.obj
d:\assignments\ideaengine\wipgraphics\cs300-framework-framework\debug\models.obj
d:\assignments\ideaengine\wipgraphics\cs300-framework-framework\debug\object.obj
d:\assignments\ideaengine\wipgraphics\cs300-framework-framework\debug\scene.obj
d:\assignments\ideaengine\wipgraphics\cs300-framework-framework\debug\shader.obj
d:\assignments\ideaengine\wipgraphics\cs300-framework-framework\debug\timer.obj
d:\assignments\ideaengine\wipgraphics\cs300-framework-framework\debug\framework.exe
d:\assignments\ideaengine\wipgraphics\cs300-framework-framework\debug\framework.pdb
d:\assignments\ideaengine\wipgraphics\cs300-framework-framework\debug\framework.tlog\cl.command.1.tlog
d:\assignments\ideaengine\wipgraphics\cs300-framework-framework\debug\framework.tlog\cl.read.1.tlog
d:\assignments\ideaengine\wipgraphics\cs300-framework-framework\debug\framework.tlog\cl.write.1.tlog
d:\assignments\ideaengine\wipgraphics\cs300-framework-framework\debug\framework.tlog\link.command.1.tlog
d:\assignments\ideaengine\wipgraphics\cs300-framework-framework\debug\framework.tlog\link.read.1.tlog
d:\assignments\ideaengine\wipgraphics\cs300-framework-framework\debug\framework.tlog\link.write.1.tlog
